I tensorflow/stream_executor/dso_loader.cc:128] successfully opened CUDA library libcublas.so locally
I tensorflow/stream_executor/dso_loader.cc:128] successfully opened CUDA library libcudnn.so locally
I tensorflow/stream_executor/dso_loader.cc:128] successfully opened CUDA library libcufft.so locally
I tensorflow/stream_executor/dso_loader.cc:128] successfully opened CUDA library libcuda.so.1 locally
I tensorflow/stream_executor/dso_loader.cc:128] successfully opened CUDA library libcurand.so locally
I tensorflow/core/common_runtime/gpu/gpu_device.cc:885] Found device 0 with properties: 
name: GeForce GTX 1080
major: 6 minor: 1 memoryClockRate (GHz) 1.7335
pciBusID 0000:02:00.0
Total memory: 7.92GiB
Free memory: 7.81GiB
W tensorflow/stream_executor/cuda/cuda_driver.cc:590] creating context when one is currently active; existing: 0x3d16350
I tensorflow/core/common_runtime/gpu/gpu_device.cc:885] Found device 1 with properties: 
name: GeForce GTX 1080
major: 6 minor: 1 memoryClockRate (GHz) 1.7335
pciBusID 0000:03:00.0
Total memory: 7.92GiB
Free memory: 7.81GiB
W tensorflow/stream_executor/cuda/cuda_driver.cc:590] creating context when one is currently active; existing: 0x3d19cd0
I tensorflow/core/common_runtime/gpu/gpu_device.cc:885] Found device 2 with properties: 
name: GeForce GTX 1080
major: 6 minor: 1 memoryClockRate (GHz) 1.7335
pciBusID 0000:83:00.0
Total memory: 7.92GiB
Free memory: 7.81GiB
W tensorflow/stream_executor/cuda/cuda_driver.cc:590] creating context when one is currently active; existing: 0x3d1d650
I tensorflow/core/common_runtime/gpu/gpu_device.cc:885] Found device 3 with properties: 
name: GeForce GTX 1080
major: 6 minor: 1 memoryClockRate (GHz) 1.7335
pciBusID 0000:84:00.0
Total memory: 7.92GiB
Free memory: 7.81GiB
I tensorflow/core/common_runtime/gpu/gpu_device.cc:777] Peer access not supported between device ordinals 0 and 2
I tensorflow/core/common_runtime/gpu/gpu_device.cc:777] Peer access not supported between device ordinals 0 and 3
I tensorflow/core/common_runtime/gpu/gpu_device.cc:777] Peer access not supported between device ordinals 1 and 2
I tensorflow/core/common_runtime/gpu/gpu_device.cc:777] Peer access not supported between device ordinals 1 and 3
I tensorflow/core/common_runtime/gpu/gpu_device.cc:777] Peer access not supported between device ordinals 2 and 0
I tensorflow/core/common_runtime/gpu/gpu_device.cc:777] Peer access not supported between device ordinals 2 and 1
I tensorflow/core/common_runtime/gpu/gpu_device.cc:777] Peer access not supported between device ordinals 3 and 0
I tensorflow/core/common_runtime/gpu/gpu_device.cc:777] Peer access not supported between device ordinals 3 and 1
I tensorflow/core/common_runtime/gpu/gpu_device.cc:906] DMA: 0 1 2 3 
I tensorflow/core/common_runtime/gpu/gpu_device.cc:916] 0:   Y Y N N 
I tensorflow/core/common_runtime/gpu/gpu_device.cc:916] 1:   Y Y N N 
I tensorflow/core/common_runtime/gpu/gpu_device.cc:916] 2:   N N Y Y 
I tensorflow/core/common_runtime/gpu/gpu_device.cc:916] 3:   N N Y Y 
I tensorflow/core/common_runtime/gpu/gpu_device.cc:975] Creating TensorFlow device (/gpu:0) -> (device: 0, name: GeForce GTX 1080, pci bus id: 0000:02:00.0)
I tensorflow/core/common_runtime/gpu/gpu_device.cc:975] Creating TensorFlow device (/gpu:1) -> (device: 1, name: GeForce GTX 1080, pci bus id: 0000:03:00.0)
I tensorflow/core/common_runtime/gpu/gpu_device.cc:975] Creating TensorFlow device (/gpu:2) -> (device: 2, name: GeForce GTX 1080, pci bus id: 0000:83:00.0)
I tensorflow/core/common_runtime/gpu/gpu_device.cc:975] Creating TensorFlow device (/gpu:3) -> (device: 3, name: GeForce GTX 1080, pci bus id: 0000:84:00.0)
